<?xml version="1.0" encoding="UTF-8"?>
<testsuite name="com.mtc.app.calculator.CalculatorTest" tests="1" skipped="0" failures="0" errors="0" timestamp="2018-06-09T16:30:27" hostname="WarAdmiral" time="0.001">
  <properties/>
  <testcase name="testSum" classname="com.mtc.app.calculator.CalculatorTest" time="0.001"/>
  <system-out><![CDATA[]]></system-out>
  <system-err><![CDATA[]]></system-err>
</testsuite>
